build/app/outputs/mapping/release/seeds.txt
com.example.mini_guru.MainActivity
com.example.mini_guru.MainActivity: MainActivity()
...
com.google.android.recaptcha.internal.zzkx: void zzK(com.google.android.recaptcha.internal.zzkx,long)
androidx.appcompat.app.AppCompatActivity: void initDelegate()
io.flutter.plugin.platform.PlatformViewFactory: PlatformViewFactory(io.flutter.plugin.common.MessageCodec)
com.google.android.recaptcha.internal.zzdt: java.lang.Object next()
androidx.appcompat.widget.ActivityChooserView$InnerLayout: ActivityChooserView$InnerLayout(android.content.Context,android.util.AttributeSet)
androidx.window.layout.WindowInfoTrackerImpl: androidx.window.layout.WindowBackend access$getWindowBackend$p(androidx.window.layout.WindowInfoTrackerImpl)
androidx.appcompat.app.AppCompatActivity: void invalidateOptionsMenu()
com.google.android.recaptcha.internal.zzlg: void zzi(com.google.android.recaptcha.internal.zzlg,com.google.android.recaptcha.internal.zzfw)
com.pichillilorenzo.flutter_inappwebview.in_app_browser.InAppBrowserActivity: void reload()
androidx.window.embedding.EmbeddingAdapter: java.util.function.Predicate translateParentMetricsPredicate(androidx.window.embedding.SplitRule)
com.google.android.recaptcha.internal.zzin: int zzk(java.util.List)
io.flutter.embedding.engine.FlutterJNI: void nativeMarkTextureFrameAvailable(long,long)
androidx.vectordrawable.graphics.drawable.VectorDrawableCompat$VGroup: float getScaleY()
io.flutter.embedding.android.FlutterImageView: android.view.Surface getSurface()
com.google.android.recaptcha.internal.zzbb: kotlin.coroutines.Continuation create(java.lang.Object,kotlin.coroutines.Continuation)
com.pichillilorenzo.flutter_inappwebview.types.CustomTabsActionButton: void setIcon(byte[])
com.google.android.recaptcha.internal.zzib: int zzw(int)
io.flutter.embedding.engine.FlutterJNI: void handlePlatformMessageResponse(int,java.nio.ByteBuffer)
com.google.android.recaptcha.internal.zzju: boolean zzf(byte[],int,int)
com.pichillilorenzo.flutter_inappwebview.types.WebMessageChannel$1: void onReceiveValue(java.lang.String)
com.pichillilorenzo.flutter_inappwebview.in_app_webview.InAppWebViewChromeClient$3: InAppWebViewChromeClient$3(com.pichillilorenzo.flutter_inappwebview.in_app_webview.InAppWebViewChromeClient,android.webkit.JsResult)
com.google.android.gms.tasks.Task: com.google.android.gms.tasks.Task addOnFailureListener(java.util.concurrent.Executor,com.google.android.gms.tasks.OnFailureListener)
com.pichillilorenzo.flutter_inappwebview.in_app_webview.InAppWebViewChromeClient: boolean onJsBeforeUnload(android.webkit.WebView,java.lang.String,java.lang.String,android.webkit.JsResult)
com.pichillilorenzo.flutter_inappwebview.chrome_custom_tabs.TrustedWebActivity: void prepareCustomTabs()
com.pichillilorenzo.flutter_inappwebview.types.PlatformWebView: void onFlutterViewDetached()
androidx.window.embedding.EmbeddingCompat$Companion: java.lang.Integer getExtensionApiLevel()
androidx.webkit.internal.ApiHelperForN: void setDisabledActionModeMenuItems(android.webkit.WebSettings,int)
com.google.android.gms.tasks.Tasks: com.google.android.gms.tasks.Task call(java.util.concurrent.Executor,java.util.concurrent.Callable)
com.google.android.recaptcha.internal.zzgp: void zzg(int)
com.pichillilorenzo.flutter_inappwebview.in_app_webview.InAppWebViewOptions: java.util.Map toMap()
com.pichillilorenzo.flutter_inappwebview.InAppWebViewStatic: InAppWebViewStatic(com.pichillilorenzo.flutter_inappwebview.InAppWebViewFlutterPlugin)
androidx.core.view.ViewCompat$Api16Impl: boolean hasTransientState(android.view.View)
io.flutter.plugin.editing.ImeSyncDeferringInsetsCallback$AnimationCallback: android.view.WindowInsets onProgress(android.view.WindowInsets,java.util.List)
com.yalantis.ucrop.view.CropImageView: void setImageToWrapCropBoundsAnimDuration(long)
com.pichillilorenzo.flutter_inappwebview.credential_database.CredentialDatabaseHandler: CredentialDatabaseHandler(com.pichillilorenzo.flutter_inappwebview.InAppWebViewFlutterPlugin)
com.google.android.recaptcha.internal.zzat: zzat(kotlin.jvm.internal.DefaultConstructorMarker)