build/app/outputs/mapping/release/mapping.txt
# compiler: R8
# compiler_version: 3.2.47
# min_api: 24
# common_typos_disable
# {"id":"com.android.tools.r8.mapping","version":"2.0"}
# pg_map_id: 17b4fa2
# pg_map_hash: SHA-256 17b4fa2150cc6432f6ac1d5b8634ba6a7c5de9391988fd711e033eca8f68a192
...
androidx.appcompat.widget.ViewStubCompat -> androidx.appcompat.widget.ViewStubCompat:
    int mLayoutResource -> o
    android.view.LayoutInflater mInflater -> r
    androidx.appcompat.widget.ViewStubCompat$OnInflateListener mInflateListener -> s
    java.lang.ref.WeakReference mInflatedViewRef -> q
    int mInflatedId -> p
    android.view.View inflate() -> a
androidx.appcompat.widget.ViewStubCompat$OnInflateListener -> androidx.appcompat.widget.ViewStubCompat$a:
    void onInflate(androidx.appcompat.widget.ViewStubCompat,android.view.View) -> a
androidx.appcompat.widget.ViewUtils -> androidx.appcompat.widget.j1:
    java.lang.reflect.Method sComputeFitSystemWindowsMethod -> a
    void computeFitSystemWindows(android.view.View,android.graphics.Rect,android.graphics.Rect) -> a
    boolean isLayoutRtl(android.view.View) -> b
    void makeOptionalFitsSystemWindows(android.view.View) -> c
androidx.appcompat.widget.WithHint -> androidx.appcompat.widget.k1:
    java.lang.CharSequence getHint() -> a
androidx.arch.core.executor.ArchTaskExecutor -> j.c:
    androidx.arch.core.executor.ArchTaskExecutor sInstance -> c
    java.util.concurrent.Executor sMainThreadExecutor -> d
    java.util.concurrent.Executor sIOThreadExecutor -> e
    androidx.arch.core.executor.TaskExecutor mDefaultTaskExecutor -> b
    androidx.arch.core.executor.TaskExecutor mDelegate -> a
    void executeOnDiskIO(java.lang.Runnable) -> a
    boolean isMainThread() -> b
    void postToMainThread(java.lang.Runnable) -> c
    void $r8$lambda$660dvPX9TmFUAes_5pIFbpOEa8M(java.lang.Runnable) -> d
      # {"id":"com.android.tools.r8.synthesized"}
    void $r8$lambda$B-NyukiANkmKkd3XkhAfbEit2Bs(java.lang.Runnable) -> e
      # {"id":"com.android.tools.r8.synthesized"}
    androidx.arch.core.executor.ArchTaskExecutor getInstance() -> f
    void lambda$static$0(java.lang.Runnable) -> g
    void lambda$static$1(java.lang.Runnable) -> h
androidx.arch.core.executor.DefaultTaskExecutor -> j.d:
    android.os.Handler mMainHandler -> c
    java.lang.Object mLock -> a
    java.util.concurrent.ExecutorService mDiskIO -> b
    void executeOnDiskIO(java.lang.Runnable) -> a
    boolean isMainThread() -> b
    void postToMainThread(java.lang.Runnable) -> c
    android.os.Handler createAsync(android.os.Looper) -> d
androidx.arch.core.executor.DefaultTaskExecutor$1 -> j.d$a:
    java.util.concurrent.atomic.AtomicInteger mThreadId -> a
    androidx.arch.core.executor.DefaultTaskExecutor this$0 -> b
androidx.arch.core.executor.DefaultTaskExecutor$Api28Impl -> j.d$b:
    android.os.Handler createAsync(android.os.Looper) -> a
androidx.arch.core.executor.TaskExecutor -> j.e:
    void executeOnDiskIO(java.lang.Runnable) -> a
    boolean isMainThread() -> b
    void postToMainThread(java.lang.Runnable) -> c
androidx.arch.core.internal.FastSafeIterableMap -> k.a:
    java.util.HashMap mHashMap -> s
    androidx.arch.core.internal.SafeIterableMap$Entry get(java.lang.Object) -> c
    java.lang.Object putIfAbsent(java.lang.Object,java.lang.Object) -> g
    java.lang.Object remove(java.lang.Object) -> j
    java.util.Map$Entry ceil(java.lang.Object) -> k
androidx.arch.core.internal.SafeIterableMap -> k.b:
    androidx.arch.core.internal.SafeIterableMap$Entry mStart -> o
    androidx.arch.core.internal.SafeIterableMap$Entry mEnd -> p
    int mSize -> r
    java.util.WeakHashMap mIterators -> q
    java.util.Map$Entry eldest() -> a
    androidx.arch.core.internal.SafeIterableMap$Entry get(java.lang.Object) -> c
    androidx.arch.core.internal.SafeIterableMap$IteratorWithAdditions iteratorWithAdditions() -> d
    java.util.Map$Entry newest() -> e
    androidx.arch.core.internal.SafeIterableMap$Entry put(java.lang.Object,java.lang.Object) -> f
    java.lang.Object putIfAbsent(java.lang.Object,java.lang.Object) -> g
    java.lang.Object remove(java.lang.Object) -> j