build/app/outputs/mapping/release/usage.txt
com.Tlabs.miniGuru.MainActivity
com.example.mini_guru.BuildConfig
com.example.mini_guru.R$anim
com.example.mini_guru.R$animator
com.example.mini_guru.R$attr
com.example.mini_guru.R$bool
com.example.mini_guru.R$color
com.example.mini_guru.R$dimen
com.example.mini_guru.R$drawable
com.example.mini_guru.R$id
com.example.mini_guru.R$integer
com.example.mini_guru.R$interpolator
com.example.mini_guru.R$layout
com.example.mini_guru.R$menu
com.example.mini_guru.R$mipmap
com.example.mini_guru.R$raw
com.example.mini_guru.R$string
com.example.mini_guru.R$style
com.example.mini_guru.R$styleable
com.example.mini_guru.R$xml
com.example.mini_guru.R
...
kotlinx.coroutines.channels.ArrayBroadcastChannel$Subscriber
kotlinx.coroutines.channels.ArrayBroadcastChannel
kotlinx.coroutines.channels.ArrayChannel:
    protected java.lang.Object enqueueSend(kotlinx.coroutines.channels.Send)
    protected final boolean isBufferAlwaysFull()
    protected final boolean isBufferFull()
    public boolean isClosedForReceive()
    public boolean isEmpty()
    protected java.lang.Object offerSelectInternal(java.lang.Object,kotlinx.coroutines.selects.SelectInstance)
    protected void onCancelIdempotent(boolean)
    protected java.lang.Object pollSelectInternal(kotlinx.coroutines.selects.SelectInstance)
kotlinx.coroutines.channels.BroadcastChannel$DefaultImpls
kotlinx.coroutines.channels.BroadcastChannel
kotlinx.coroutines.channels.BroadcastChannelKt
kotlinx.coroutines.channels.BroadcastCoroutine
kotlinx.coroutines.channels.BroadcastKt$broadcast$$inlined$CoroutineExceptionHandler$1
kotlinx.coroutines.channels.BroadcastKt$broadcast$1
kotlinx.coroutines.channels.BroadcastKt$broadcast$2
kotlinx.coroutines.channels.BroadcastKt
kotlinx.coroutines.channels.Channel$DefaultImpls
kotlinx.coroutines.channels.Channel$Factory:
    public static final int BUFFERED
    public static final int CONFLATED
    public static final java.lang.String DEFAULT_BUFFER_PROPERTY_NAME
    public static final int OPTIONAL_CHANNEL
    public static final int RENDEZVOUS
    public static final int UNLIMITED
kotlinx.coroutines.channels.Channel:
    public static final int BUFFERED
    public static final int CONFLATED
    public static final java.lang.String DEFAULT_BUFFER_PROPERTY_NAME
    public static final int OPTIONAL_CHANNEL
    public static final int RENDEZVOUS
    public static final int UNLIMITED
kotlinx.coroutines.channels.ChannelCoroutine
kotlinx.coroutines.channels.ChannelIterator$DefaultImpls
kotlinx.coroutines.channels.ChannelIterator$next0$1
kotlinx.coroutines.channels.ChannelIterator:
    public synthetic abstract java.lang.Object next(kotlin.coroutines.Continuation)
kotlinx.coroutines.channels.ChannelKt:
    public static final synthetic kotlinx.coroutines.channels.Channel Channel(int)
    public static synthetic kotlinx.coroutines.channels.Channel Channel$default(int,int,java.lang.Object)
    public static final java.lang.Object getOrElse-WpGqRn0(java.lang.Object,kotlin.jvm.functions.Function1)
    public static final java.lang.Object onClosed-WpGqRn0(java.lang.Object,kotlin.jvm.functions.Function1)
    public static final java.lang.Object onFailure-WpGqRn0(java.lang.Object,kotlin.jvm.functions.Function1)
    public static final java.lang.Object onSuccess-WpGqRn0(java.lang.Object,kotlin.jvm.functions.Function1)
kotlinx.coroutines.channels.ChannelResult:
    private final java.lang.Object holder
    private synthetic void <init>(java.lang.Object)
    public static final synthetic kotlinx.coroutines.channels.ChannelResult box-impl(java.lang.Object)
    public boolean equals(java.lang.Object)
    public static boolean equals-impl(java.lang.Object,java.lang.Object)
    public static final boolean equals-impl0(java.lang.Object,java.lang.Object)
    public static final java.lang.Throwable exceptionOrNull-impl(java.lang.Object)
    public static synthetic void getHolder$annotations()
    public static final java.lang.Object getOrNull-impl(java.lang.Object)
    public static final java.lang.Object getOrThrow-impl(java.lang.Object)
    public int hashCode()
    public static int hashCode-impl(java.lang.Object)
    public static final boolean isClosed-impl(java.lang.Object)
    public static final boolean isFailure-impl(java.lang.Object)
    public static final boolean isSuccess-impl(java.lang.Object)
    public java.lang.String toString()
    public static java.lang.String toString-impl(java.lang.Object)
    public final synthetic java.lang.Object unbox-impl()
kotlinx.coroutines.channels.ChannelsKt
kotlinx.coroutines.channels.ChannelsKt__ChannelsKt$sendBlocking$1